[DM.Service.exe] - [1] - [DM.Service.Program] - [Info] - [9/11/2019 9:30:16 AM] - Application Startup
[DM.Service.exe] - [1] - [DM.Service.Program] - [Info] - [9/11/2019 9:30:16 AM] - Version: R25.0:6911
[DM.Service.exe] - [1] - [DM.Service.Program] - [Info] - [9/11/2019 9:30:16 AM] - Working directory: C:\Projects\github\AIL\DM.Service\
[DM.Service.exe] - [1] - [DM.Service.Program] - [Info] - [9/11/2019 9:30:16 AM] - Looking for DM.Service
[DM.Service.exe] - [1] - [DM.Service.Program] - [Info] - [9/11/2019 9:30:16 AM] - Running interactive mode.
[DM.Service.exe] - [1] - [NotificationEventProcessor] - [Debug] - [9/11/2019 9:30:16 AM] - Starting ExternalNotificationEventProcessor
[DM.Service.exe] - [1] - [MsMqDataSource] - [Debug] - [9/11/2019 9:30:16 AM] - Initializing from application configuration file
[DM.Service.exe] - [1] - [MsMqDataSource] - [Info] - [9/11/2019 9:30:16 AM] - Starting queue alias=MES_PDI queueName= queuePath=FormatName:Direct=OS:.\private$\pdi_q
[DM.Service.exe] - [1] - [MsMqListeningQueue] - [Info] - [9/11/2019 9:30:16 AM] - Using customformat = FormatName:Direct=OS:.\private$\pdi_q
[DM.Service.exe] - [5] - [NotificationEventProcessor] - [Debug] - [9/11/2019 9:30:16 AM] - Starting ExternalNotificationEventProcessor thread
[DM.Service.exe] - [1] - [DispatchMessageEventProcessor] - [Info] - [9/11/2019 9:30:16 AM] - Initialize event processor
[DM.Service.exe] - [5] - [NotificationEventProcessor] - [Debug] - [9/11/2019 9:30:16 AM] - Begin: Initialize datasource: DM.Library.MessageQ.MsMqDataSource
[DM.Service.exe] - [5] - [MsMqDataSource] - [Debug] - [9/11/2019 9:30:16 AM] - Starting Microsoft Message Queue 2.0 Data Adapter
[DM.Service.exe] - [5] - [NotificationEventProcessor] - [Debug] - [9/11/2019 9:30:16 AM] - End: Initialize datasource: DM.Library.MessageQ.MsMqDataSource complete
[DM.Service.exe] - [5] - [NotificationEventProcessor] - [Debug] - [9/11/2019 9:30:16 AM] - All datasources started.
[DM.Service.exe] - [1] - [ScriptEngine] - [Debug] - [9/11/2019 9:30:16 AM] - Searching folder: C:\AilEnvironments\LocalDevelopmentDLL
[DM.Service.exe] - [1] - [ScriptEngine] - [Error] - [9/11/2019 9:30:16 AM] - Folder C:\AilEnvironments\LocalDevelopmentDLL not found
[DM.Service.exe] - [7] - [DispatchMessageEventProcessor] - [Info] - [9/11/2019 9:30:16 AM] - ThreadStart for dispatch meessage event processor
[DM.Service.exe] - [7] - [DispatchMessageEventProcessor] - [Info] - [9/11/2019 9:30:16 AM] - ThreadPool set to 10
[DM.Service.exe] - [1] - [DispatchManagementControlProcessor] - [Info] - [9/11/2019 9:30:16 AM] - DispatchManagementControlProcessor is active and ready
[DM.Service.exe] - [1] - [FormMainWindow] - [Debug] - [9/11/2019 9:30:16 AM] - FormMainWindow_Load_Start
[DM.Service.exe] - [1] - [Script] - [Info] - [9/11/2019 9:30:17 AM] - Scripting Management service is running.
[DM.Service.exe] - [1] - [Main] - [Debug] - [9/11/2019 9:30:17 AM] - Memory usage: 44 MB
[DM.Service.exe] - [7] - [DispatchMessageEventProcessor] - [Info] - [9/11/2019 9:30:19 AM] - 0 records purged.
[DM.Service.exe] - [7] - [DispatchMessageEventProcessor] - [Info] - [9/11/2019 9:30:19 AM] - 0 records purged.
[DM.Service.exe] - [1] - [DM.Service.Program] - [Info] - [9/11/2019 9:30:23 AM] - Notification to shutdown
[DM.Service.exe] - [5] - [NotificationEventProcessor] - [Debug] - [9/11/2019 9:30:23 AM] - Stopping datasource: DM.Library.MessageQ.MsMqDataSource
[DM.Service.exe] - [5] - [MsMqDataSource] - [Debug] - [9/11/2019 9:30:23 AM] - Stopping Microsoft Message Queue 2.0 Data Adapter
[DM.Service.exe] - [5] - [NotificationEventProcessor] - [Debug] - [9/11/2019 9:30:23 AM] - Terminating ExternalNotificationEventProcessor thread
[DM.Service.exe] - [1] - [DM.Service.Program] - [Info] - [9/11/2019 9:30:23 AM] - Application shutdown
[DM.Service.exe] - [1] - [DM.Service.Program] - [Info] - [9/11/2019 9:34:14 AM] - Application Startup
[DM.Service.exe] - [1] - [DM.Service.Program] - [Info] - [9/11/2019 9:34:14 AM] - Version: R27.0:7192
[DM.Service.exe] - [1] - [DM.Service.Program] - [Info] - [9/11/2019 9:34:14 AM] - Working directory: C:\Projects\github\AIL\DM.Service\
[DM.Service.exe] - [1] - [DM.Service.Program] - [Info] - [9/11/2019 9:34:14 AM] - Looking for DM.Service
[DM.Service.exe] - [1] - [DM.Service.Program] - [Info] - [9/11/2019 9:34:14 AM] - Running interactive mode.
[DM.Service.exe] - [1] - [NotificationEventProcessor] - [Debug] - [9/11/2019 9:34:14 AM] - Starting ExternalNotificationEventProcessor
[DM.Service.exe] - [1] - [DM.Service.Program] - [Critical] - [9/11/2019 9:34:15 AM] - System.IO.FileNotFoundException: Could not load file or assembly 'Twilio, Version=5.23.0.0, Culture=neutral, PublicKeyToken=null' or one of its dependencies. The system cannot find the file specified.
File name: 'Twilio, Version=5.23.0.0, Culture=neutral, PublicKeyToken=null'
   at DM.Library.ScriptingSMSLibrary..ctor()
   at DM.Service.ScriptingManagerHost..ctor() in C:\Projects\DeadlineSource\AiL\Apps\DM.Service\ScriptingManagerHost.cs:line 46
   at DM.Service.ScriptingDataSourceProcessor.InitializeEventNotifiers() in C:\Projects\DeadlineSource\AiL\Apps\DM.Service\ExternalNotificationEventProcessor.cs:line 126
   at DM.Service.ScriptingDataSourceProcessor..ctor(DispatchMessageContext serverContext) in C:\Projects\DeadlineSource\AiL\Apps\DM.Service\ExternalNotificationEventProcessor.cs:line 118
   at DM.Service.Program.Main() in C:\Projects\DeadlineSource\AiL\Apps\DM.Service\Program.cs:line 172

WRN: Assembly binding logging is turned OFF.
To enable assembly bind failure logging, set the registry value [HKLM\Software\Microsoft\Fusion!EnableLog] (DWORD) to 1.
Note: There is some performance penalty associated with assembly bind failure logging.
To turn this feature off, remove the registry value [HKLM\Software\Microsoft\Fusion!EnableLog].

[DM.Service.exe] - [1] - [DM.Service.Program] - [Info] - [9/11/2019 9:34:17 AM] - Notification to shutdown
[DM.Service.exe] - [1] - [DM.Service.Program] - [Critical] - [9/11/2019 9:34:17 AM] - Unhandled exception
[DM.Service.exe] - [1] - [DM.Service.Program] - [Critical] - [9/11/2019 9:34:17 AM] - System.NullReferenceException: Object reference not set to an instance of an object.
   at DM.Service.Program.Main() in C:\Projects\DeadlineSource\AiL\Apps\DM.Service\Program.cs:line 202
[DM.Service.exe] - [1] - [DM.Service.Program] - [Info] - [9/11/2019 9:34:35 AM] - Application Startup
[DM.Service.exe] - [1] - [DM.Service.Program] - [Info] - [9/11/2019 9:34:35 AM] - Version: R27.0:7192
[DM.Service.exe] - [1] - [DM.Service.Program] - [Info] - [9/11/2019 9:34:35 AM] - Working directory: C:\Projects\github\AIL\DM.Service\
[DM.Service.exe] - [1] - [DM.Service.Program] - [Info] - [9/11/2019 9:34:35 AM] - Looking for DM.Service
[DM.Service.exe] - [1] - [DM.Service.Program] - [Info] - [9/11/2019 9:34:35 AM] - Running interactive mode.
[DM.Service.exe] - [1] - [NotificationEventProcessor] - [Debug] - [9/11/2019 9:34:35 AM] - Starting ExternalNotificationEventProcessor
[DM.Service.exe] - [1] - [] - [Info] - [9/11/2019 9:34:35 AM] - Attempt to load C:\Projects\github\AIL\DM.Service\DM.Library.dll
[DM.Service.exe] - [1] - [MsMqDataSource] - [Debug] - [9/11/2019 9:34:35 AM] - Initializing DM.Library.MessageQ.MsMqDataSource data source
[DM.Service.exe] - [1] - [MsMqDataSource] - [Info] - [9/11/2019 9:34:35 AM] - Starting queue alias=MES_PDI queueName= queuePath=FormatName:Direct=OS:.\private$\pdi_q
[DM.Service.exe] - [1] - [MsMqListeningQueue] - [Info] - [9/11/2019 9:34:35 AM] - Using customformat = FormatName:Direct=OS:.\private$\pdi_q
[DM.Service.exe] - [5] - [NotificationEventProcessor] - [Debug] - [9/11/2019 9:34:35 AM] - Starting ExternalNotificationEventProcessor thread
[DM.Service.exe] - [1] - [DispatchMessageEventProcessor] - [Info] - [9/11/2019 9:34:35 AM] - Initialize event processor
[DM.Service.exe] - [5] - [NotificationEventProcessor] - [Debug] - [9/11/2019 9:34:35 AM] - Begin: Initialize datasource: DM.Library.MessageQ.MsMqDataSource
[DM.Service.exe] - [5] - [MsMqDataSource] - [Debug] - [9/11/2019 9:34:35 AM] - Starting Microsoft Message Queue 2.0 Data Adapter
[DM.Service.exe] - [5] - [NotificationEventProcessor] - [Debug] - [9/11/2019 9:34:35 AM] - End: Initialize datasource: DM.Library.MessageQ.MsMqDataSource complete
[DM.Service.exe] - [5] - [NotificationEventProcessor] - [Debug] - [9/11/2019 9:34:35 AM] - All datasources started.
[DM.Service.exe] - [1] - [ScriptEngine] - [Debug] - [9/11/2019 9:34:35 AM] - Searching folder: C:\AilEnvironments\LocalDevelopmentDLL
[DM.Service.exe] - [1] - [ScriptEngine] - [Error] - [9/11/2019 9:34:35 AM] - Folder C:\AilEnvironments\LocalDevelopmentDLL not found
[DM.Service.exe] - [7] - [DispatchMessageEventProcessor] - [Info] - [9/11/2019 9:34:35 AM] - MessageEventProcessor:Proc has started
[DM.Service.exe] - [7] - [DispatchMessageEventProcessor] - [Info] - [9/11/2019 9:34:35 AM] - ThreadPool set to 10
[DM.Service.exe] - [1] - [DispatchManagementControlProcessor] - [Info] - [9/11/2019 9:34:35 AM] - DispatchManagementControlProcessor is active and ready
[DM.Service.exe] - [1] - [FormMainWindow] - [Debug] - [9/11/2019 9:34:35 AM] - FormMainWindow_Load_Start
[DM.Service.exe] - [7] - [DispatchMessageEventProcessor] - [Info] - [9/11/2019 9:34:36 AM] - Startup script name is _OnStartup
[DM.Service.exe] - [7] - [DispatchMessageEventProcessor] - [Error] - [9/11/2019 9:34:36 AM] - Startup script [_OnStartup] undefined
[DM.Service.exe] - [1] - [Script] - [Info] - [9/11/2019 9:34:36 AM] - Scripting Management service is running.
[DM.Service.exe] - [1] - [Main] - [Debug] - [9/11/2019 9:34:36 AM] - Memory usage: 46 MB
[DM.Service.exe] - [7] - [DispatchMessageEventProcessor] - [Info] - [9/11/2019 9:34:38 AM] - 0 records purged.
[DM.Service.exe] - [7] - [DispatchMessageEventProcessor] - [Info] - [9/11/2019 9:34:38 AM] - 0 records purged.
[DM.Service.exe] - [1] - [Main] - [Debug] - [9/11/2019 9:35:36 AM] - Memory usage: 46 MB
[DM.Service.exe] - [1] - [Main] - [Debug] - [9/11/2019 9:36:36 AM] - Memory usage: 48 MB
[DM.Service.exe] - [11] - [] - [Info] - [9/11/2019 9:37:18 AM] - ****** COMPILE SINGLE SCRIPT **********************************
[DM.Service.exe] - [11] - [DispatchMessageEventProcessor] - [Info] - [9/11/2019 9:37:18 AM] - Compiling script inline: First_Event_Module
[DM.Service.exe] - [11] - [] - [Info] - [9/11/2019 9:37:18 AM] - ***************************************************************
[DM.Service.exe] - [1] - [Script] - [Info] - [9/11/2019 9:37:18 AM] - Recompiled script: First_Event_Module
[DM.Service.exe] - [11] - [DispatchMessageEventProcessor] - [Info] - [9/11/2019 9:37:18 AM] - Compiling: EventModule Script: First_Event_Module
[DM.Service.exe] - [11] - [DispatchMessageEventProcessor] - [Info] - [9/11/2019 9:37:18 AM] - Marking script First_Event_Module:1 for production
[DM.Service.exe] - [11] - [Test] - [Debug] - [9/11/2019 9:37:18 AM] - UPDATE DispatchMessageScript
                               SET IsActive = 1
                             WHERE Id = @Id : 140072
[DM.Service.exe] - [1] - [Script] - [Info] - [9/11/2019 9:37:19 AM] - Successful compile of script: First_Event_Module
[DM.Service.exe] - [1] - [Main] - [Debug] - [9/11/2019 9:37:36 AM] - Memory usage: 52 MB
[DM.Service.exe] - [12] - [] - [Info] - [9/11/2019 9:37:40 AM] - ****** COMPILE SINGLE SCRIPT **********************************
[DM.Service.exe] - [12] - [DispatchMessageEventProcessor] - [Info] - [9/11/2019 9:37:40 AM] - Compiling script inline: First_Event
[DM.Service.exe] - [12] - [] - [Info] - [9/11/2019 9:37:40 AM] - ***************************************************************
[DM.Service.exe] - [12] - [DispatchMessageEventProcessor] - [Info] - [9/11/2019 9:37:40 AM] - Compiling: Event Script: First_Event
[DM.Service.exe] - [12] - [DispatchMessageEventProcessor] - [Info] - [9/11/2019 9:37:40 AM] - Marking script First_Event:1 for production
[DM.Service.exe] - [12] - [Test] - [Debug] - [9/11/2019 9:37:40 AM] - UPDATE DispatchMessageScript
                               SET IsActive = 1
                             WHERE Id = @Id : 140071
[DM.Service.exe] - [1] - [Script] - [Info] - [9/11/2019 9:37:40 AM] - Recompiled script: First_Event
[DM.Service.exe] - [1] - [Script] - [Info] - [9/11/2019 9:37:40 AM] - Successful compile of script: First_Event
[DM.Service.exe] - [1] - [Main] - [Debug] - [9/11/2019 9:38:36 AM] - Memory usage: 53 MB
[DM.Service.exe] - [1] - [Main] - [Debug] - [9/11/2019 9:39:36 AM] - Memory usage: 53 MB
[DM.Service.exe] - [1] - [Main] - [Debug] - [9/11/2019 9:40:36 AM] - Memory usage: 53 MB
[DM.Service.exe] - [1] - [Main] - [Debug] - [9/11/2019 9:41:36 AM] - Memory usage: 53 MB
[DM.Service.exe] - [1] - [Main] - [Debug] - [9/11/2019 9:42:36 AM] - Memory usage: 53 MB
[DM.Service.exe] - [1] - [Main] - [Debug] - [9/11/2019 9:43:36 AM] - Memory usage: 53 MB
[DM.Service.exe] - [12] - [BasicAuthenticationInvoker] - [Debug] - [9/11/2019 9:43:57 AM] - Creating authorization library: DM.Library.Auth.SimpleFile,DM.Library
[DM.Service.exe] - [1] - [Main] - [Debug] - [9/11/2019 9:44:36 AM] - Memory usage: 53 MB
[DM.Service.exe] - [7] - [DispatchMessageEventProcessor] - [Info] - [9/11/2019 9:44:42 AM] - 0 records purged.
[DM.Service.exe] - [7] - [DispatchMessageEventProcessor] - [Info] - [9/11/2019 9:44:42 AM] - 0 records purged.
[DM.Service.exe] - [1] - [Main] - [Debug] - [9/11/2019 9:45:36 AM] - Memory usage: 53 MB
[DM.Service.exe] - [1] - [Main] - [Debug] - [9/11/2019 9:46:36 AM] - Memory usage: 53 MB
[DM.Service.exe] - [1] - [DispatchMessageEventProcessor] - [Info] - [9/11/2019 9:47:00 AM] - Startup script name is _OnStartup
[DM.Service.exe] - [1] - [DispatchMessageEventProcessor] - [Error] - [9/11/2019 9:47:00 AM] - Startup script [_OnStartup] undefined
[DM.Service.exe] - [1] - [Script] - [Info] - [9/11/2019 9:47:00 AM] - Recompiled dispatch manager production scripts
[DM.Service.exe] - [1] - [Main] - [Debug] - [9/11/2019 9:47:36 AM] - Memory usage: 53 MB
[DM.Service.exe] - [1] - [Main] - [Debug] - [9/11/2019 9:48:36 AM] - Memory usage: 53 MB
[DM.Service.exe] - [1] - [Main] - [Debug] - [9/11/2019 9:49:36 AM] - Memory usage: 53 MB
[DM.Service.exe] - [1] - [Main] - [Debug] - [9/11/2019 9:50:36 AM] - Memory usage: 54 MB
[DM.Service.exe] - [1] - [Main] - [Debug] - [9/11/2019 9:51:36 AM] - Memory usage: 54 MB
[DM.Service.exe] - [1] - [Main] - [Debug] - [9/11/2019 9:52:36 AM] - Memory usage: 54 MB
[DM.Service.exe] - [1] - [Main] - [Debug] - [9/11/2019 9:53:36 AM] - Memory usage: 54 MB
[DM.Service.exe] - [1] - [Main] - [Debug] - [9/11/2019 9:54:36 AM] - Memory usage: 54 MB
[DM.Service.exe] - [7] - [DispatchMessageEventProcessor] - [Info] - [9/11/2019 9:54:46 AM] - 0 records purged.
[DM.Service.exe] - [7] - [DispatchMessageEventProcessor] - [Info] - [9/11/2019 9:54:46 AM] - 0 records purged.
[DM.Service.exe] - [1] - [Main] - [Debug] - [9/11/2019 9:55:36 AM] - Memory usage: 54 MB
[DM.Service.exe] - [1] - [Main] - [Debug] - [9/11/2019 9:56:36 AM] - Memory usage: 54 MB
[DM.Service.exe] - [1] - [Main] - [Debug] - [9/11/2019 9:57:36 AM] - Memory usage: 54 MB
[DM.Service.exe] - [1] - [Main] - [Debug] - [9/11/2019 9:58:36 AM] - Memory usage: 54 MB
[DM.Service.exe] - [1] - [Main] - [Debug] - [9/11/2019 9:59:36 AM] - Memory usage: 54 MB
[DM.Service.exe] - [1] - [Main] - [Debug] - [9/11/2019 10:00:36 AM] - Memory usage: 54 MB
[DM.Service.exe] - [1] - [Main] - [Debug] - [9/11/2019 10:01:36 AM] - Memory usage: 54 MB
